<?xml version="1.0" encoding="UTF-8"?>
<!-- Generated by org.testng.reporters.JUnitReportReporter -->
<testsuite hostname="Beast" failures="0" tests="1" name="CallReadData" time="1.211" errors="0" timestamp="2023-02-08T09:51:22 IST" skipped="0">
  <testcase classname="CallReadData" name="strings" time="1.211"/>
  <system-out/>
</testsuite> <!-- CallReadData -->
