<?xml version="1.0" encoding="UTF-8"?>
<!-- Generated by org.testng.reporters.JUnitReportReporter -->
<testsuite hostname="Beast" failures="0" tests="1" name="fakerPractice.callfaker" time="0.284" errors="0" timestamp="2023-02-22T17:48:58 IST" skipped="0">
  <testcase classname="fakerPractice.callfaker" name="test" time="0.284"/>
  <system-out/>
</testsuite> <!-- fakerPractice.callfaker -->
