<?xml version="1.0" encoding="UTF-8"?>
<!-- Generated by org.testng.reporters.JUnitReportReporter -->
<testsuite hostname="Beast" failures="0" tests="1" name="fakerPractice.FakerDemo" time="0.265" errors="0" timestamp="2023-01-10T15:18:27 IST" skipped="0">
  <testcase classname="fakerPractice.FakerDemo" name="demo" time="0.265"/>
  <system-out/>
</testsuite> <!-- fakerPractice.FakerDemo -->
